<?xml version="1.0" encoding="UTF-8"?>
<testsuite xmlns:xsi="http://www.w3.org/2001/XMLSchema-instance" xsi:noNamespaceSchemaLocation="https://maven.apache.org/surefire/maven-surefire-plugin/xsd/surefire-test-report-3.0.xsd" version="3.0" name="com.kt.edu.firstproject.FirstprojectApplicationTests" time="2.18" tests="1" errors="0" skipped="0" failures="0">
  <properties>
[...]
</properties>
  <testcase name="contextLoads" classname="com.kt.edu.firstproject.FirstprojectApplicationTests" time="0.25">
    <system-out><![CDATA[15:14:12.248 [main] INFO org.springframework.test.context.support.AnnotationConfigContextLoaderUtils -- Could not detect default configuration classes for test class [com.kt.edu.firstproject.FirstprojectApplicationTests]: FirstprojectApplicationTests does not declare any static, non-private, non-final, nested classes annotated with @Configuration.
15:14:12.283 [main] INFO org.springframework.boot.test.context.SpringBootTestContextBootstrapper -- Found @SpringBootConfiguration com.kt.edu.firstproject.FirstprojectApplication for test class com.kt.edu.firstproject.FirstprojectApplicationTests

  .   ____          _            __ _ _
 /\\ / ___'_ __ _ _(_)_ __  __ _ \ \ \ \
( ( )\___ | '_ | '_| | '_ \/ _` | \ \ \ \
 \\/  ___)| |_)| | | | | || (_| |  ) ) ) )
  '  |____| .__|_| |_|_| |_\__, | / / / /
 =========|_|==============|___/=/_/_/_/

 :: Spring Boot ::                (v3.3.4)

2024-10-21T15:14:12.410+09:00  INFO 82819 --- [firstproject] [           main] c.k.e.f.FirstprojectApplicationTests     : Starting FirstprojectApplicationTests using Java 17.0.12 with PID 82819 (started by ans in /Users/ans/Downloads/springboot/firstproject)
2024-10-21T15:14:12.410+09:00  INFO 82819 --- [firstproject] [           main] c.k.e.f.FirstprojectApplicationTests     : No active profile set, falling back to 1 default profile: "default"
2024-10-21T15:14:12.753+09:00  INFO 82819 --- [firstproject] [           main] .s.d.r.c.RepositoryConfigurationDelegate : Bootstrapping Spring Data JPA repositories in DEFAULT mode.
2024-10-21T15:14:12.768+09:00  INFO 82819 --- [firstproject] [           main] .s.d.r.c.RepositoryConfigurationDelegate : Finished Spring Data repository scanning in 12 ms. Found 1 JPA repository interface.
2024-10-21T15:14:12.969+09:00  INFO 82819 --- [firstproject] [           main] com.zaxxer.hikari.HikariDataSource       : HikariPool-1 - Starting...
2024-10-21T15:14:13.041+09:00  INFO 82819 --- [firstproject] [           main] com.zaxxer.hikari.pool.HikariPool        : HikariPool-1 - Added connection conn0: url=jdbc:h2:mem:testdb user=SA
2024-10-21T15:14:13.042+09:00  INFO 82819 --- [firstproject] [           main] com.zaxxer.hikari.HikariDataSource       : HikariPool-1 - Start completed.
2024-10-21T15:14:13.060+09:00  INFO 82819 --- [firstproject] [           main] o.hibernate.jpa.internal.util.LogHelper  : HHH000204: Processing PersistenceUnitInfo [name: default]
2024-10-21T15:14:13.085+09:00  INFO 82819 --- [firstproject] [           main] org.hibernate.Version                    : HHH000412: Hibernate ORM core version 6.5.3.Final
2024-10-21T15:14:13.099+09:00  INFO 82819 --- [firstproject] [           main] o.h.c.internal.RegionFactoryInitiator    : HHH000026: Second-level cache disabled
2024-10-21T15:14:13.197+09:00  INFO 82819 --- [firstproject] [           main] o.s.o.j.p.SpringPersistenceUnitInfo      : No LoadTimeWeaver setup: ignoring JPA class transformer
2024-10-21T15:14:13.490+09:00  INFO 82819 --- [firstproject] [           main] o.h.e.t.j.p.i.JtaPlatformInitiator       : HHH000489: No JTA platform available (set 'hibernate.transaction.jta.platform' to enable JTA platform integration)
2024-10-21T15:14:13.495+09:00 DEBUG 82819 --- [firstproject] [           main] org.hibernate.SQL                        : 
    drop table if exists article cascade 
2024-10-21T15:14:13.498+09:00 DEBUG 82819 --- [firstproject] [           main] org.hibernate.SQL                        : 
    create table article (
        id bigint generated by default as identity,
        content varchar(255),
        title varchar(255),
        primary key (id)
    )
2024-10-21T15:14:13.502+09:00  INFO 82819 --- [firstproject] [           main] j.LocalContainerEntityManagerFactoryBean : Initialized JPA EntityManagerFactory for persistence unit 'default'
2024-10-21T15:14:13.718+09:00  WARN 82819 --- [firstproject] [           main] JpaBaseConfiguration$JpaWebConfiguration : spring.jpa.open-in-view is enabled by default. Therefore, database queries may be performed during view rendering. Explicitly configure spring.jpa.open-in-view to disable this warning
2024-10-21T15:14:14.039+09:00  INFO 82819 --- [firstproject] [           main] o.s.b.a.h2.H2ConsoleAutoConfiguration    : H2 console available at '/h2-console'. Database available at 'jdbc:h2:mem:testdb'
2024-10-21T15:14:14.059+09:00  INFO 82819 --- [firstproject] [           main] o.s.b.a.e.web.EndpointLinksResolver      : Exposing 14 endpoints beneath base path '/actuator'
2024-10-21T15:14:14.097+09:00  INFO 82819 --- [firstproject] [           main] c.k.e.f.FirstprojectApplicationTests     : Started FirstprojectApplicationTests in 1.768 seconds (process running for 2.08)
]]></system-out>
  </testcase>
</testsuite>